<?xml version="1.0" encoding="UTF-8"?>
<coverage generated="1687530671639" clover="3.2.0">
  <project timestamp="1687530671639" name="All files">
    <metrics statements="139" coveredstatements="65" conditionals="92" coveredconditionals="2" methods="10" coveredmethods="2" elements="241" coveredelements="69" complexity="0" loc="139" ncloc="139" packages="4" files="10" classes="10"/>
    <package name="src">
      <metrics statements="23" coveredstatements="14" conditionals="0" coveredconditionals="0" methods="2" coveredmethods="0"/>
      <file name="app.ts" path="/home/kentlouisetonino/Documents/personal/projects/backend-nodejs-s3/src/app.ts">
        <metrics statements="15" coveredstatements="14" conditionals="0" coveredconditionals="0" methods="1" coveredmethods="0"/>
        <line num="1" count="1" type="stmt"/>
        <line num="2" count="1" type="stmt"/>
        <line num="3" count="1" type="stmt"/>
        <line num="4" count="1" type="stmt"/>
        <line num="5" count="1" type="stmt"/>
        <line num="6" count="1" type="stmt"/>
        <line num="9" count="1" type="stmt"/>
        <line num="12" count="1" type="stmt"/>
        <line num="13" count="1" type="stmt"/>
        <line num="14" count="1" type="stmt"/>
        <line num="15" count="1" type="stmt"/>
        <line num="18" count="1" type="stmt"/>
        <line num="19" count="0" type="stmt"/>
        <line num="23" count="1" type="stmt"/>
        <line num="26" count="1" type="stmt"/>
      </file>
      <file name="server.ts" path="/home/kentlouisetonino/Documents/personal/projects/backend-nodejs-s3/src/server.ts">
        <metrics statements="8" coveredstatements="0" conditionals="0" coveredconditionals="0" methods="1" coveredmethods="0"/>
        <line num="1" count="0" type="stmt"/>
        <line num="2" count="0" type="stmt"/>
        <line num="3" count="0" type="stmt"/>
        <line num="4" count="0" type="stmt"/>
        <line num="5" count="0" type="stmt"/>
        <line num="8" count="0" type="stmt"/>
        <line num="9" count="0" type="stmt"/>
        <line num="14" count="0" type="stmt"/>
      </file>
    </package>
    <package name="src.controllers">
      <metrics statements="60" coveredstatements="2" conditionals="90" coveredconditionals="0" methods="3" coveredmethods="0"/>
      <file name="S3Controller.ts" path="/home/kentlouisetonino/Documents/personal/projects/backend-nodejs-s3/src/controllers/S3Controller.ts">
        <metrics statements="60" coveredstatements="2" conditionals="90" coveredconditionals="0" methods="3" coveredmethods="0"/>
        <line num="2" count="1" type="stmt"/>
        <line num="4" count="1" type="stmt"/>
        <line num="10" count="0" type="cond" truecount="0" falsecount="4"/>
        <line num="11" count="0" type="cond" truecount="0" falsecount="4"/>
        <line num="12" count="0" type="cond" truecount="0" falsecount="4"/>
        <line num="13" count="0" type="cond" truecount="0" falsecount="4"/>
        <line num="14" count="0" type="cond" truecount="0" falsecount="4"/>
        <line num="16" count="0" type="cond" truecount="0" falsecount="2"/>
        <line num="17" count="0" type="stmt"/>
        <line num="20" count="0" type="cond" truecount="0" falsecount="2"/>
        <line num="21" count="0" type="stmt"/>
        <line num="24" count="0" type="cond" truecount="0" falsecount="2"/>
        <line num="25" count="0" type="stmt"/>
        <line num="28" count="0" type="cond" truecount="0" falsecount="2"/>
        <line num="29" count="0" type="stmt"/>
        <line num="32" count="0" type="cond" truecount="0" falsecount="2"/>
        <line num="33" count="0" type="stmt"/>
        <line num="37" count="0" type="stmt"/>
        <line num="38" count="0" type="stmt"/>
        <line num="46" count="0" type="stmt"/>
        <line num="51" count="0" type="stmt"/>
        <line num="63" count="0" type="cond" truecount="0" falsecount="4"/>
        <line num="64" count="0" type="cond" truecount="0" falsecount="4"/>
        <line num="65" count="0" type="cond" truecount="0" falsecount="4"/>
        <line num="66" count="0" type="cond" truecount="0" falsecount="4"/>
        <line num="67" count="0" type="cond" truecount="0" falsecount="4"/>
        <line num="69" count="0" type="cond" truecount="0" falsecount="2"/>
        <line num="70" count="0" type="stmt"/>
        <line num="73" count="0" type="cond" truecount="0" falsecount="2"/>
        <line num="74" count="0" type="stmt"/>
        <line num="77" count="0" type="cond" truecount="0" falsecount="2"/>
        <line num="78" count="0" type="stmt"/>
        <line num="81" count="0" type="cond" truecount="0" falsecount="2"/>
        <line num="82" count="0" type="stmt"/>
        <line num="85" count="0" type="cond" truecount="0" falsecount="2"/>
        <line num="86" count="0" type="stmt"/>
        <line num="90" count="0" type="stmt"/>
        <line num="91" count="0" type="stmt"/>
        <line num="102" count="0" type="stmt"/>
        <line num="110" count="0" type="stmt"/>
        <line num="116" count="0" type="stmt"/>
        <line num="128" count="0" type="cond" truecount="0" falsecount="4"/>
        <line num="129" count="0" type="cond" truecount="0" falsecount="4"/>
        <line num="130" count="0" type="cond" truecount="0" falsecount="4"/>
        <line num="131" count="0" type="cond" truecount="0" falsecount="4"/>
        <line num="132" count="0" type="cond" truecount="0" falsecount="4"/>
        <line num="134" count="0" type="cond" truecount="0" falsecount="2"/>
        <line num="135" count="0" type="stmt"/>
        <line num="138" count="0" type="cond" truecount="0" falsecount="2"/>
        <line num="139" count="0" type="stmt"/>
        <line num="142" count="0" type="cond" truecount="0" falsecount="2"/>
        <line num="143" count="0" type="stmt"/>
        <line num="146" count="0" type="cond" truecount="0" falsecount="2"/>
        <line num="147" count="0" type="stmt"/>
        <line num="150" count="0" type="cond" truecount="0" falsecount="2"/>
        <line num="151" count="0" type="stmt"/>
        <line num="155" count="0" type="stmt"/>
        <line num="156" count="0" type="stmt"/>
        <line num="164" count="0" type="stmt"/>
        <line num="170" count="0" type="stmt"/>
      </file>
    </package>
    <package name="src.routes">
      <metrics statements="9" coveredstatements="9" conditionals="0" coveredconditionals="0" methods="0" coveredmethods="0"/>
      <file name="S3Route.ts" path="/home/kentlouisetonino/Documents/personal/projects/backend-nodejs-s3/src/routes/S3Route.ts">
        <metrics statements="9" coveredstatements="9" conditionals="0" coveredconditionals="0" methods="0" coveredmethods="0"/>
        <line num="1" count="1" type="stmt"/>
        <line num="2" count="1" type="stmt"/>
        <line num="3" count="1" type="stmt"/>
        <line num="6" count="1" type="stmt"/>
        <line num="9" count="1" type="stmt"/>
        <line num="12" count="1" type="stmt"/>
        <line num="13" count="1" type="stmt"/>
        <line num="14" count="1" type="stmt"/>
        <line num="16" count="1" type="stmt"/>
      </file>
    </package>
    <package name="src.services">
      <metrics statements="47" coveredstatements="40" conditionals="2" coveredconditionals="2" methods="5" coveredmethods="2"/>
      <file name="ColorService.ts" path="/home/kentlouisetonino/Documents/personal/projects/backend-nodejs-s3/src/services/ColorService.ts">
        <metrics statements="3" coveredstatements="3" conditionals="0" coveredconditionals="0" methods="1" coveredmethods="1"/>
        <line num="1" count="1" type="stmt"/>
        <line num="3" count="1" type="stmt"/>
        <line num="5" count="1" type="stmt"/>
      </file>
      <file name="EnvironmentService.ts" path="/home/kentlouisetonino/Documents/personal/projects/backend-nodejs-s3/src/services/EnvironmentService.ts">
        <metrics statements="2" coveredstatements="2" conditionals="0" coveredconditionals="0" methods="0" coveredmethods="0"/>
        <line num="1" count="1" type="stmt"/>
        <line num="5" count="1" type="stmt"/>
      </file>
      <file name="ExpressService.ts" path="/home/kentlouisetonino/Documents/personal/projects/backend-nodejs-s3/src/services/ExpressService.ts">
        <metrics statements="4" coveredstatements="4" conditionals="0" coveredconditionals="0" methods="0" coveredmethods="0"/>
        <line num="1" count="2" type="stmt"/>
        <line num="3" count="2" type="stmt"/>
        <line num="7" count="2" type="stmt"/>
        <line num="12" count="2" type="stmt"/>
      </file>
      <file name="MulterService.ts" path="/home/kentlouisetonino/Documents/personal/projects/backend-nodejs-s3/src/services/MulterService.ts">
        <metrics statements="3" coveredstatements="3" conditionals="0" coveredconditionals="0" methods="0" coveredmethods="0"/>
        <line num="1" count="2" type="stmt"/>
        <line num="3" count="2" type="stmt"/>
        <line num="8" count="2" type="stmt"/>
      </file>
      <file name="S3Service.ts" path="/home/kentlouisetonino/Documents/personal/projects/backend-nodejs-s3/src/services/S3Service.ts">
        <metrics statements="9" coveredstatements="2" conditionals="0" coveredconditionals="0" methods="3" coveredmethods="0"/>
        <line num="1" count="1" type="stmt"/>
        <line num="8" count="1" type="stmt"/>
        <line num="30" count="0" type="stmt"/>
        <line num="36" count="0" type="stmt"/>
        <line num="45" count="0" type="stmt"/>
        <line num="63" count="0" type="stmt"/>
        <line num="70" count="0" type="stmt"/>
        <line num="93" count="0" type="stmt"/>
        <line num="99" count="0" type="stmt"/>
      </file>
      <file name="types.ts" path="/home/kentlouisetonino/Documents/personal/projects/backend-nodejs-s3/src/services/types.ts">
        <metrics statements="26" coveredstatements="26" conditionals="2" coveredconditionals="2" methods="1" coveredmethods="1"/>
        <line num="1" count="1" type="cond" truecount="2" falsecount="0"/>
        <line num="3" count="1" type="stmt"/>
        <line num="4" count="1" type="stmt"/>
        <line num="5" count="1" type="stmt"/>
        <line num="6" count="1" type="stmt"/>
        <line num="7" count="1" type="stmt"/>
        <line num="8" count="1" type="stmt"/>
        <line num="9" count="1" type="stmt"/>
        <line num="12" count="1" type="stmt"/>
        <line num="13" count="1" type="stmt"/>
        <line num="14" count="1" type="stmt"/>
        <line num="15" count="1" type="stmt"/>
        <line num="16" count="1" type="stmt"/>
        <line num="17" count="1" type="stmt"/>
        <line num="18" count="1" type="stmt"/>
        <line num="19" count="1" type="stmt"/>
        <line num="20" count="1" type="stmt"/>
        <line num="23" count="1" type="stmt"/>
        <line num="24" count="1" type="stmt"/>
        <line num="25" count="1" type="stmt"/>
        <line num="26" count="1" type="stmt"/>
        <line num="27" count="1" type="stmt"/>
        <line num="28" count="1" type="stmt"/>
        <line num="29" count="1" type="stmt"/>
        <line num="30" count="1" type="stmt"/>
        <line num="31" count="1" type="stmt"/>
      </file>
    </package>
  </project>
</coverage>
