{"/home/kentlouisetonino/Documents/personal/projects/backend-nodejs-s3/src/app.ts": {"path":"/home/kentlouisetonino/Documents/personal/projects/backend-nodejs-s3/src/app.ts","statementMap":{"0":{"start":{"line":1,"column":0},"end":{"line":1,"column":64}},"1":{"start":{"line":2,"column":0},"end":{"line":2,"column":27}},"2":{"start":{"line":3,"column":0},"end":{"line":3,"column":71}},"3":{"start":{"line":4,"column":0},"end":{"line":4,"column":28}},"4":{"start":{"line":5,"column":0},"end":{"line":5,"column":39}},"5":{"start":{"line":6,"column":0},"end":{"line":6,"column":55}},"6":{"start":{"line":9,"column":12},"end":{"line":9,"column":30}},"7":{"start":{"line":12,"column":0},"end":{"line":12,"column":24}},"8":{"start":{"line":13,"column":0},"end":{"line":13,"column":34}},"9":{"start":{"line":14,"column":0},"end":{"line":14,"column":16}},"10":{"start":{"line":15,"column":0},"end":{"line":15,"column":40}},"11":{"start":{"line":18,"column":0},"end":{"line":20,"column":3}},"12":{"start":{"line":19,"column":2},"end":{"line":19,"column":49}},"13":{"start":{"line":23,"column":0},"end":{"line":23,"column":28}},"14":{"start":{"line":26,"column":0},"end":{"line":26,"column":19}}},"fnMap":{"0":{"name":"(anonymous_7)","decl":{"start":{"line":18,"column":13},"end":{"line":18,"column":14}},"loc":{"start":{"line":18,"column":43},"end":{"line":20,"column":1}}}},"branchMap":{},"s":{"0":1,"1":1,"2":1,"3":1,"4":1,"5":1,"6":1,"7":1,"8":1,"9":1,"10":1,"11":1,"12":0,"13":1,"14":1},"f":{"0":0},"b":{}}
,"/home/kentlouisetonino/Documents/personal/projects/backend-nodejs-s3/src/server.ts": {"path":"/home/kentlouisetonino/Documents/personal/projects/backend-nodejs-s3/src/server.ts","statementMap":{"0":{"start":{"line":1,"column":0},"end":{"line":1,"column":27}},"1":{"start":{"line":2,"column":0},"end":{"line":2,"column":24}},"2":{"start":{"line":3,"column":0},"end":{"line":3,"column":51}},"3":{"start":{"line":4,"column":0},"end":{"line":4,"column":63}},"4":{"start":{"line":5,"column":0},"end":{"line":5,"column":45}},"5":{"start":{"line":8,"column":0},"end":{"line":15,"column":3}},"6":{"start":{"line":9,"column":23},"end":{"line":11,"column":null}},"7":{"start":{"line":14,"column":2},"end":{"line":14,"column":28}}},"fnMap":{"0":{"name":"(anonymous_1)","decl":{"start":{"line":8,"column":36},"end":{"line":8,"column":39}},"loc":{"start":{"line":8,"column":41},"end":{"line":15,"column":1}}}},"branchMap":{},"s":{"0":0,"1":0,"2":0,"3":0,"4":0,"5":0,"6":0,"7":0},"f":{"0":0},"b":{}}
,"/home/kentlouisetonino/Documents/personal/projects/backend-nodejs-s3/src/controllers/S3Controller.ts": {"path":"/home/kentlouisetonino/Documents/personal/projects/backend-nodejs-s3/src/controllers/S3Controller.ts","statementMap":{"0":{"start":{"line":2,"column":0},"end":{"line":2,"column":46}},"1":{"start":{"line":10,"column":23},"end":{"line":10,"column":52}},"2":{"start":{"line":11,"column":25},"end":{"line":11,"column":56}},"3":{"start":{"line":12,"column":30},"end":{"line":12,"column":66}},"4":{"start":{"line":13,"column":34},"end":{"line":13,"column":74}},"5":{"start":{"line":14,"column":16},"end":{"line":14,"column":38}},"6":{"start":{"line":16,"column":4},"end":{"line":56,"column":null}},"7":{"start":{"line":17,"column":6},"end":{"line":19,"column":9}},"8":{"start":{"line":20,"column":11},"end":{"line":56,"column":null}},"9":{"start":{"line":21,"column":6},"end":{"line":23,"column":9}},"10":{"start":{"line":24,"column":11},"end":{"line":56,"column":null}},"11":{"start":{"line":25,"column":6},"end":{"line":27,"column":9}},"12":{"start":{"line":28,"column":11},"end":{"line":56,"column":null}},"13":{"start":{"line":29,"column":6},"end":{"line":31,"column":9}},"14":{"start":{"line":32,"column":11},"end":{"line":56,"column":null}},"15":{"start":{"line":33,"column":6},"end":{"line":35,"column":9}},"16":{"start":{"line":37,"column":6},"end":{"line":55,"column":null}},"17":{"start":{"line":38,"column":28},"end":{"line":44,"column":10}},"18":{"start":{"line":46,"column":8},"end":{"line":49,"column":11}},"19":{"start":{"line":51,"column":8},"end":{"line":54,"column":11}},"20":{"start":{"line":63,"column":23},"end":{"line":63,"column":43}},"21":{"start":{"line":64,"column":25},"end":{"line":64,"column":47}},"22":{"start":{"line":65,"column":30},"end":{"line":65,"column":57}},"23":{"start":{"line":66,"column":34},"end":{"line":66,"column":65}},"24":{"start":{"line":67,"column":22},"end":{"line":67,"column":31}},"25":{"start":{"line":69,"column":4},"end":{"line":121,"column":null}},"26":{"start":{"line":70,"column":6},"end":{"line":72,"column":9}},"27":{"start":{"line":73,"column":11},"end":{"line":121,"column":null}},"28":{"start":{"line":74,"column":6},"end":{"line":76,"column":9}},"29":{"start":{"line":77,"column":11},"end":{"line":121,"column":null}},"30":{"start":{"line":78,"column":6},"end":{"line":80,"column":9}},"31":{"start":{"line":81,"column":11},"end":{"line":121,"column":null}},"32":{"start":{"line":82,"column":6},"end":{"line":84,"column":9}},"33":{"start":{"line":85,"column":11},"end":{"line":121,"column":null}},"34":{"start":{"line":86,"column":6},"end":{"line":88,"column":9}},"35":{"start":{"line":90,"column":6},"end":{"line":120,"column":null}},"36":{"start":{"line":91,"column":25},"end":{"line":100,"column":10}},"37":{"start":{"line":102,"column":28},"end":{"line":108,"column":10}},"38":{"start":{"line":110,"column":8},"end":{"line":114,"column":11}},"39":{"start":{"line":116,"column":8},"end":{"line":119,"column":11}},"40":{"start":{"line":128,"column":28},"end":{"line":128,"column":48}},"41":{"start":{"line":129,"column":30},"end":{"line":129,"column":52}},"42":{"start":{"line":130,"column":35},"end":{"line":130,"column":62}},"43":{"start":{"line":131,"column":39},"end":{"line":131,"column":70}},"44":{"start":{"line":132,"column":21},"end":{"line":132,"column":34}},"45":{"start":{"line":134,"column":4},"end":{"line":175,"column":null}},"46":{"start":{"line":135,"column":6},"end":{"line":137,"column":9}},"47":{"start":{"line":138,"column":11},"end":{"line":175,"column":null}},"48":{"start":{"line":139,"column":6},"end":{"line":141,"column":9}},"49":{"start":{"line":142,"column":11},"end":{"line":175,"column":null}},"50":{"start":{"line":143,"column":6},"end":{"line":145,"column":9}},"51":{"start":{"line":146,"column":11},"end":{"line":175,"column":null}},"52":{"start":{"line":147,"column":6},"end":{"line":149,"column":9}},"53":{"start":{"line":150,"column":11},"end":{"line":175,"column":null}},"54":{"start":{"line":151,"column":6},"end":{"line":153,"column":9}},"55":{"start":{"line":155,"column":6},"end":{"line":174,"column":null}},"56":{"start":{"line":156,"column":8},"end":{"line":162,"column":11}},"57":{"start":{"line":164,"column":8},"end":{"line":168,"column":11}},"58":{"start":{"line":170,"column":8},"end":{"line":173,"column":11}},"59":{"start":{"line":4,"column":0},"end":{"line":4,"column":21}}},"fnMap":{"0":{"name":"(anonymous_8)","decl":{"start":{"line":9,"column":2},"end":{"line":9,"column":8}},"loc":{"start":{"line":9,"column":55},"end":{"line":57,"column":null}}},"1":{"name":"(anonymous_10)","decl":{"start":{"line":62,"column":2},"end":{"line":62,"column":8}},"loc":{"start":{"line":62,"column":53},"end":{"line":122,"column":null}}},"2":{"name":"(anonymous_12)","decl":{"start":{"line":127,"column":2},"end":{"line":127,"column":8}},"loc":{"start":{"line":127,"column":53},"end":{"line":176,"column":null}}}},"branchMap":{"0":{"loc":{"start":{"line":10,"column":30},"end":{"line":10,"column":51}},"type":"cond-expr","locations":[{"start":{"line":10,"column":39},"end":{"line":10,"column":41}},{"start":{"line":10,"column":39},"end":{"line":10,"column":51}}]},"1":{"loc":{"start":{"line":10,"column":30},"end":{"line":10,"column":41}},"type":"binary-expr","locations":[{"start":{"line":10,"column":30},"end":{"line":10,"column":41}},{"start":{"line":10,"column":39},"end":{"line":10,"column":41}}]},"2":{"loc":{"start":{"line":11,"column":32},"end":{"line":11,"column":55}},"type":"cond-expr","locations":[{"start":{"line":11,"column":41},"end":{"line":11,"column":43}},{"start":{"line":11,"column":41},"end":{"line":11,"column":55}}]},"3":{"loc":{"start":{"line":11,"column":32},"end":{"line":11,"column":43}},"type":"binary-expr","locations":[{"start":{"line":11,"column":32},"end":{"line":11,"column":43}},{"start":{"line":11,"column":41},"end":{"line":11,"column":43}}]},"4":{"loc":{"start":{"line":12,"column":37},"end":{"line":12,"column":65}},"type":"cond-expr","locations":[{"start":{"line":12,"column":46},"end":{"line":12,"column":48}},{"start":{"line":12,"column":46},"end":{"line":12,"column":65}}]},"5":{"loc":{"start":{"line":12,"column":37},"end":{"line":12,"column":48}},"type":"binary-expr","locations":[{"start":{"line":12,"column":37},"end":{"line":12,"column":48}},{"start":{"line":12,"column":46},"end":{"line":12,"column":48}}]},"6":{"loc":{"start":{"line":13,"column":41},"end":{"line":13,"column":73}},"type":"cond-expr","locations":[{"start":{"line":13,"column":50},"end":{"line":13,"column":52}},{"start":{"line":13,"column":50},"end":{"line":13,"column":73}}]},"7":{"loc":{"start":{"line":13,"column":41},"end":{"line":13,"column":52}},"type":"binary-expr","locations":[{"start":{"line":13,"column":41},"end":{"line":13,"column":52}},{"start":{"line":13,"column":50},"end":{"line":13,"column":52}}]},"8":{"loc":{"start":{"line":14,"column":23},"end":{"line":14,"column":37}},"type":"cond-expr","locations":[{"start":{"line":14,"column":32},"end":{"line":14,"column":34}},{"start":{"line":14,"column":32},"end":{"line":14,"column":37}}]},"9":{"loc":{"start":{"line":14,"column":23},"end":{"line":14,"column":34}},"type":"binary-expr","locations":[{"start":{"line":14,"column":23},"end":{"line":14,"column":34}},{"start":{"line":14,"column":32},"end":{"line":14,"column":34}}]},"10":{"loc":{"start":{"line":16,"column":4},"end":{"line":56,"column":null}},"type":"if","locations":[{"start":{"line":16,"column":4},"end":{"line":56,"column":null}},{"start":{"line":20,"column":11},"end":{"line":56,"column":null}}]},"11":{"loc":{"start":{"line":20,"column":11},"end":{"line":56,"column":null}},"type":"if","locations":[{"start":{"line":20,"column":11},"end":{"line":56,"column":null}},{"start":{"line":24,"column":11},"end":{"line":56,"column":null}}]},"12":{"loc":{"start":{"line":24,"column":11},"end":{"line":56,"column":null}},"type":"if","locations":[{"start":{"line":24,"column":11},"end":{"line":56,"column":null}},{"start":{"line":28,"column":11},"end":{"line":56,"column":null}}]},"13":{"loc":{"start":{"line":28,"column":11},"end":{"line":56,"column":null}},"type":"if","locations":[{"start":{"line":28,"column":11},"end":{"line":56,"column":null}},{"start":{"line":32,"column":11},"end":{"line":56,"column":null}}]},"14":{"loc":{"start":{"line":32,"column":11},"end":{"line":56,"column":null}},"type":"if","locations":[{"start":{"line":32,"column":11},"end":{"line":56,"column":null}},{"start":{"line":36,"column":11},"end":{"line":56,"column":null}}]},"15":{"loc":{"start":{"line":63,"column":23},"end":{"line":63,"column":43}},"type":"cond-expr","locations":[{"start":{"line":63,"column":31},"end":{"line":63,"column":33}},{"start":{"line":63,"column":31},"end":{"line":63,"column":43}}]},"16":{"loc":{"start":{"line":63,"column":23},"end":{"line":63,"column":33}},"type":"binary-expr","locations":[{"start":{"line":63,"column":23},"end":{"line":63,"column":33}},{"start":{"line":63,"column":31},"end":{"line":63,"column":33}}]},"17":{"loc":{"start":{"line":64,"column":25},"end":{"line":64,"column":47}},"type":"cond-expr","locations":[{"start":{"line":64,"column":33},"end":{"line":64,"column":35}},{"start":{"line":64,"column":33},"end":{"line":64,"column":47}}]},"18":{"loc":{"start":{"line":64,"column":25},"end":{"line":64,"column":35}},"type":"binary-expr","locations":[{"start":{"line":64,"column":25},"end":{"line":64,"column":35}},{"start":{"line":64,"column":33},"end":{"line":64,"column":35}}]},"19":{"loc":{"start":{"line":65,"column":30},"end":{"line":65,"column":57}},"type":"cond-expr","locations":[{"start":{"line":65,"column":38},"end":{"line":65,"column":40}},{"start":{"line":65,"column":38},"end":{"line":65,"column":57}}]},"20":{"loc":{"start":{"line":65,"column":30},"end":{"line":65,"column":40}},"type":"binary-expr","locations":[{"start":{"line":65,"column":30},"end":{"line":65,"column":40}},{"start":{"line":65,"column":38},"end":{"line":65,"column":40}}]},"21":{"loc":{"start":{"line":66,"column":34},"end":{"line":66,"column":65}},"type":"cond-expr","locations":[{"start":{"line":66,"column":42},"end":{"line":66,"column":44}},{"start":{"line":66,"column":42},"end":{"line":66,"column":65}}]},"22":{"loc":{"start":{"line":66,"column":34},"end":{"line":66,"column":44}},"type":"binary-expr","locations":[{"start":{"line":66,"column":34},"end":{"line":66,"column":44}},{"start":{"line":66,"column":42},"end":{"line":66,"column":44}}]},"23":{"loc":{"start":{"line":67,"column":22},"end":{"line":67,"column":31}},"type":"cond-expr","locations":[{"start":{"line":67,"column":25},"end":{"line":67,"column":27}},{"start":{"line":67,"column":22},"end":{"line":67,"column":31}}]},"24":{"loc":{"start":{"line":67,"column":22},"end":{"line":67,"column":27}},"type":"binary-expr","locations":[{"start":{"line":67,"column":22},"end":{"line":67,"column":27}},{"start":{"line":67,"column":22},"end":{"line":67,"column":27}}]},"25":{"loc":{"start":{"line":69,"column":4},"end":{"line":121,"column":null}},"type":"if","locations":[{"start":{"line":69,"column":4},"end":{"line":121,"column":null}},{"start":{"line":73,"column":11},"end":{"line":121,"column":null}}]},"26":{"loc":{"start":{"line":73,"column":11},"end":{"line":121,"column":null}},"type":"if","locations":[{"start":{"line":73,"column":11},"end":{"line":121,"column":null}},{"start":{"line":77,"column":11},"end":{"line":121,"column":null}}]},"27":{"loc":{"start":{"line":77,"column":11},"end":{"line":121,"column":null}},"type":"if","locations":[{"start":{"line":77,"column":11},"end":{"line":121,"column":null}},{"start":{"line":81,"column":11},"end":{"line":121,"column":null}}]},"28":{"loc":{"start":{"line":81,"column":11},"end":{"line":121,"column":null}},"type":"if","locations":[{"start":{"line":81,"column":11},"end":{"line":121,"column":null}},{"start":{"line":85,"column":11},"end":{"line":121,"column":null}}]},"29":{"loc":{"start":{"line":85,"column":11},"end":{"line":121,"column":null}},"type":"if","locations":[{"start":{"line":85,"column":11},"end":{"line":121,"column":null}},{"start":{"line":89,"column":11},"end":{"line":121,"column":null}}]},"30":{"loc":{"start":{"line":128,"column":28},"end":{"line":128,"column":48}},"type":"cond-expr","locations":[{"start":{"line":128,"column":36},"end":{"line":128,"column":38}},{"start":{"line":128,"column":36},"end":{"line":128,"column":48}}]},"31":{"loc":{"start":{"line":128,"column":28},"end":{"line":128,"column":38}},"type":"binary-expr","locations":[{"start":{"line":128,"column":28},"end":{"line":128,"column":38}},{"start":{"line":128,"column":36},"end":{"line":128,"column":38}}]},"32":{"loc":{"start":{"line":129,"column":30},"end":{"line":129,"column":52}},"type":"cond-expr","locations":[{"start":{"line":129,"column":38},"end":{"line":129,"column":40}},{"start":{"line":129,"column":38},"end":{"line":129,"column":52}}]},"33":{"loc":{"start":{"line":129,"column":30},"end":{"line":129,"column":40}},"type":"binary-expr","locations":[{"start":{"line":129,"column":30},"end":{"line":129,"column":40}},{"start":{"line":129,"column":38},"end":{"line":129,"column":40}}]},"34":{"loc":{"start":{"line":130,"column":35},"end":{"line":130,"column":62}},"type":"cond-expr","locations":[{"start":{"line":130,"column":43},"end":{"line":130,"column":45}},{"start":{"line":130,"column":43},"end":{"line":130,"column":62}}]},"35":{"loc":{"start":{"line":130,"column":35},"end":{"line":130,"column":45}},"type":"binary-expr","locations":[{"start":{"line":130,"column":35},"end":{"line":130,"column":45}},{"start":{"line":130,"column":43},"end":{"line":130,"column":45}}]},"36":{"loc":{"start":{"line":131,"column":39},"end":{"line":131,"column":70}},"type":"cond-expr","locations":[{"start":{"line":131,"column":47},"end":{"line":131,"column":49}},{"start":{"line":131,"column":47},"end":{"line":131,"column":70}}]},"37":{"loc":{"start":{"line":131,"column":39},"end":{"line":131,"column":49}},"type":"binary-expr","locations":[{"start":{"line":131,"column":39},"end":{"line":131,"column":49}},{"start":{"line":131,"column":47},"end":{"line":131,"column":49}}]},"38":{"loc":{"start":{"line":132,"column":21},"end":{"line":132,"column":34}},"type":"cond-expr","locations":[{"start":{"line":132,"column":29},"end":{"line":132,"column":31}},{"start":{"line":132,"column":29},"end":{"line":132,"column":34}}]},"39":{"loc":{"start":{"line":132,"column":21},"end":{"line":132,"column":31}},"type":"binary-expr","locations":[{"start":{"line":132,"column":21},"end":{"line":132,"column":31}},{"start":{"line":132,"column":29},"end":{"line":132,"column":31}}]},"40":{"loc":{"start":{"line":134,"column":4},"end":{"line":175,"column":null}},"type":"if","locations":[{"start":{"line":134,"column":4},"end":{"line":175,"column":null}},{"start":{"line":138,"column":11},"end":{"line":175,"column":null}}]},"41":{"loc":{"start":{"line":138,"column":11},"end":{"line":175,"column":null}},"type":"if","locations":[{"start":{"line":138,"column":11},"end":{"line":175,"column":null}},{"start":{"line":142,"column":11},"end":{"line":175,"column":null}}]},"42":{"loc":{"start":{"line":142,"column":11},"end":{"line":175,"column":null}},"type":"if","locations":[{"start":{"line":142,"column":11},"end":{"line":175,"column":null}},{"start":{"line":146,"column":11},"end":{"line":175,"column":null}}]},"43":{"loc":{"start":{"line":146,"column":11},"end":{"line":175,"column":null}},"type":"if","locations":[{"start":{"line":146,"column":11},"end":{"line":175,"column":null}},{"start":{"line":150,"column":11},"end":{"line":175,"column":null}}]},"44":{"loc":{"start":{"line":150,"column":11},"end":{"line":175,"column":null}},"type":"if","locations":[{"start":{"line":150,"column":11},"end":{"line":175,"column":null}},{"start":{"line":154,"column":11},"end":{"line":175,"column":null}}]}},"s":{"0":1,"1":0,"2":0,"3":0,"4":0,"5":0,"6":0,"7":0,"8":0,"9":0,"10":0,"11":0,"12":0,"13":0,"14":0,"15":0,"16":0,"17":0,"18":0,"19":0,"20":0,"21":0,"22":0,"23":0,"24":0,"25":0,"26":0,"27":0,"28":0,"29":0,"30":0,"31":0,"32":0,"33":0,"34":0,"35":0,"36":0,"37":0,"38":0,"39":0,"40":0,"41":0,"42":0,"43":0,"44":0,"45":0,"46":0,"47":0,"48":0,"49":0,"50":0,"51":0,"52":0,"53":0,"54":0,"55":0,"56":0,"57":0,"58":0,"59":1},"f":{"0":0,"1":0,"2":0},"b":{"0":[0,0],"1":[0,0],"2":[0,0],"3":[0,0],"4":[0,0],"5":[0,0],"6":[0,0],"7":[0,0],"8":[0,0],"9":[0,0],"10":[0,0],"11":[0,0],"12":[0,0],"13":[0,0],"14":[0,0],"15":[0,0],"16":[0,0],"17":[0,0],"18":[0,0],"19":[0,0],"20":[0,0],"21":[0,0],"22":[0,0],"23":[0,0],"24":[0,0],"25":[0,0],"26":[0,0],"27":[0,0],"28":[0,0],"29":[0,0],"30":[0,0],"31":[0,0],"32":[0,0],"33":[0,0],"34":[0,0],"35":[0,0],"36":[0,0],"37":[0,0],"38":[0,0],"39":[0,0],"40":[0,0],"41":[0,0],"42":[0,0],"43":[0,0],"44":[0,0]}}
,"/home/kentlouisetonino/Documents/personal/projects/backend-nodejs-s3/src/routes/S3Route.ts": {"path":"/home/kentlouisetonino/Documents/personal/projects/backend-nodejs-s3/src/routes/S3Route.ts","statementMap":{"0":{"start":{"line":1,"column":0},"end":{"line":1,"column":55}},"1":{"start":{"line":2,"column":0},"end":{"line":2,"column":56}},"2":{"start":{"line":3,"column":0},"end":{"line":3,"column":54}},"3":{"start":{"line":6,"column":15},"end":{"line":6,"column":36}},"4":{"start":{"line":9,"column":15},"end":{"line":9,"column":42}},"5":{"start":{"line":12,"column":0},"end":{"line":12,"column":46}},"6":{"start":{"line":13,"column":0},"end":{"line":13,"column":71}},"7":{"start":{"line":14,"column":0},"end":{"line":14,"column":67}},"8":{"start":{"line":16,"column":0},"end":{"line":16,"column":22}}},"fnMap":{},"branchMap":{},"s":{"0":1,"1":1,"2":1,"3":1,"4":1,"5":1,"6":1,"7":1,"8":1},"f":{},"b":{}}
,"/home/kentlouisetonino/Documents/personal/projects/backend-nodejs-s3/src/services/ColorService.ts": {"path":"/home/kentlouisetonino/Documents/personal/projects/backend-nodejs-s3/src/services/ColorService.ts","statementMap":{"0":{"start":{"line":1,"column":0},"end":{"line":1,"column":36}},"1":{"start":{"line":5,"column":4},"end":{"line":5,"column":47}},"2":{"start":{"line":3,"column":0},"end":{"line":3,"column":21}}},"fnMap":{"0":{"name":"(anonymous_0)","decl":{"start":{"line":4,"column":2},"end":{"line":4,"column":8}},"loc":{"start":{"line":4,"column":47},"end":{"line":6,"column":3}}}},"branchMap":{},"s":{"0":1,"1":1,"2":1},"f":{"0":1},"b":{}}
,"/home/kentlouisetonino/Documents/personal/projects/backend-nodejs-s3/src/services/EnvironmentService.ts": {"path":"/home/kentlouisetonino/Documents/personal/projects/backend-nodejs-s3/src/services/EnvironmentService.ts","statementMap":{"0":{"start":{"line":5,"column":9},"end":{"line":5,"column":22}},"1":{"start":{"line":1,"column":21},"end":{"line":1,"column":null}}},"fnMap":{},"branchMap":{},"s":{"0":1,"1":1},"f":{},"b":{}}
,"/home/kentlouisetonino/Documents/personal/projects/backend-nodejs-s3/src/services/ExpressService.ts": {"path":"/home/kentlouisetonino/Documents/personal/projects/backend-nodejs-s3/src/services/ExpressService.ts","statementMap":{"0":{"start":{"line":1,"column":0},"end":{"line":1,"column":30}},"1":{"start":{"line":7,"column":9},"end":{"line":7,"column":25}},"2":{"start":{"line":12,"column":9},"end":{"line":12,"column":35}},"3":{"start":{"line":3,"column":21},"end":{"line":3,"column":null}}},"fnMap":{},"branchMap":{},"s":{"0":2,"1":2,"2":2,"3":2},"f":{},"b":{}}
,"/home/kentlouisetonino/Documents/personal/projects/backend-nodejs-s3/src/services/MulterService.ts": {"path":"/home/kentlouisetonino/Documents/personal/projects/backend-nodejs-s3/src/services/MulterService.ts","statementMap":{"0":{"start":{"line":1,"column":0},"end":{"line":1,"column":28}},"1":{"start":{"line":8,"column":9},"end":{"line":8,"column":69}},"2":{"start":{"line":3,"column":21},"end":{"line":3,"column":null}}},"fnMap":{},"branchMap":{},"s":{"0":2,"1":2,"2":2},"f":{},"b":{}}
,"/home/kentlouisetonino/Documents/personal/projects/backend-nodejs-s3/src/services/S3Service.ts": {"path":"/home/kentlouisetonino/Documents/personal/projects/backend-nodejs-s3/src/services/S3Service.ts","statementMap":{"0":{"start":{"line":1,"column":0},"end":{"line":1,"column":36}},"1":{"start":{"line":30,"column":15},"end":{"line":34,"column":6}},"2":{"start":{"line":36,"column":19},"end":{"line":43,"column":6}},"3":{"start":{"line":45,"column":4},"end":{"line":45,"column":39}},"4":{"start":{"line":63,"column":15},"end":{"line":68,"column":6}},"5":{"start":{"line":70,"column":4},"end":{"line":75,"column":17}},"6":{"start":{"line":93,"column":15},"end":{"line":97,"column":6}},"7":{"start":{"line":99,"column":4},"end":{"line":103,"column":7}},"8":{"start":{"line":8,"column":0},"end":{"line":8,"column":21}}},"fnMap":{"0":{"name":"(anonymous_1)","decl":{"start":{"line":20,"column":2},"end":{"line":20,"column":8}},"loc":{"start":{"line":29,"column":26},"end":{"line":46,"column":3}}},"1":{"name":"(anonymous_2)","decl":{"start":{"line":56,"column":2},"end":{"line":56,"column":8}},"loc":{"start":{"line":62,"column":26},"end":{"line":76,"column":3}}},"2":{"name":"(anonymous_3)","decl":{"start":{"line":86,"column":2},"end":{"line":86,"column":8}},"loc":{"start":{"line":92,"column":28},"end":{"line":104,"column":3}}}},"branchMap":{},"s":{"0":1,"1":0,"2":0,"3":0,"4":0,"5":0,"6":0,"7":0,"8":1},"f":{"0":0,"1":0,"2":0},"b":{}}
,"/home/kentlouisetonino/Documents/personal/projects/backend-nodejs-s3/src/services/types.ts": {"path":"/home/kentlouisetonino/Documents/personal/projects/backend-nodejs-s3/src/services/types.ts","statementMap":{"0":{"start":{"line":1,"column":0},"end":{"line":1,"column":null}},"1":{"start":{"line":3,"column":2},"end":{"line":3,"column":null}},"2":{"start":{"line":4,"column":2},"end":{"line":4,"column":null}},"3":{"start":{"line":5,"column":2},"end":{"line":5,"column":null}},"4":{"start":{"line":6,"column":2},"end":{"line":6,"column":null}},"5":{"start":{"line":7,"column":2},"end":{"line":7,"column":null}},"6":{"start":{"line":8,"column":2},"end":{"line":8,"column":null}},"7":{"start":{"line":9,"column":2},"end":{"line":9,"column":null}},"8":{"start":{"line":12,"column":2},"end":{"line":12,"column":null}},"9":{"start":{"line":13,"column":2},"end":{"line":13,"column":null}},"10":{"start":{"line":14,"column":2},"end":{"line":14,"column":null}},"11":{"start":{"line":15,"column":2},"end":{"line":15,"column":null}},"12":{"start":{"line":16,"column":2},"end":{"line":16,"column":null}},"13":{"start":{"line":17,"column":2},"end":{"line":17,"column":null}},"14":{"start":{"line":18,"column":2},"end":{"line":18,"column":null}},"15":{"start":{"line":19,"column":2},"end":{"line":19,"column":null}},"16":{"start":{"line":20,"column":2},"end":{"line":20,"column":null}},"17":{"start":{"line":23,"column":2},"end":{"line":23,"column":null}},"18":{"start":{"line":24,"column":2},"end":{"line":24,"column":null}},"19":{"start":{"line":25,"column":2},"end":{"line":25,"column":null}},"20":{"start":{"line":26,"column":2},"end":{"line":26,"column":null}},"21":{"start":{"line":27,"column":2},"end":{"line":27,"column":null}},"22":{"start":{"line":28,"column":2},"end":{"line":28,"column":null}},"23":{"start":{"line":29,"column":2},"end":{"line":29,"column":null}},"24":{"start":{"line":30,"column":2},"end":{"line":30,"column":null}},"25":{"start":{"line":31,"column":2},"end":{"line":31,"column":null}}},"fnMap":{"0":{"name":"(anonymous_0)","decl":{"start":{"line":1,"column":0},"end":{"line":1,"column":12}},"loc":{"start":{"line":1,"column":21},"end":{"line":32,"column":1}}}},"branchMap":{"0":{"loc":{"start":{"line":1,"column":12},"end":{"line":1,"column":null}},"type":"binary-expr","locations":[{"start":{"line":1,"column":12},"end":{"line":1,"column":21}},{"start":{"line":1,"column":21},"end":{"line":1,"column":null}}]}},"s":{"0":1,"1":1,"2":1,"3":1,"4":1,"5":1,"6":1,"7":1,"8":1,"9":1,"10":1,"11":1,"12":1,"13":1,"14":1,"15":1,"16":1,"17":1,"18":1,"19":1,"20":1,"21":1,"22":1,"23":1,"24":1,"25":1},"f":{"0":1},"b":{"0":[1,1]}}
}
